<?xml version="1.0" encoding="UTF-8"?>
<!-- Generated by org.testng.reporters.JUnitReportReporter -->
<testsuite hostname="XIPL9913" failures="0" tests="3" name="testNG_Feature.Depends_On_Groups_Feature4" time="0.006" errors="0" timestamp="2022-11-23T14:13:15 IST" skipped="0">
  <testcase classname="testNG_Feature.Depends_On_Groups_Feature4" name="testcase3" time="0.001"/>
  <system-out/>
  <testcase classname="testNG_Feature.Depends_On_Groups_Feature4" name="testcase1" time="0.000"/>
  <system-out/>
  <testcase classname="testNG_Feature.Depends_On_Groups_Feature4" name="testcase2" time="0.005"/>
  <system-out/>
</testsuite> <!-- testNG_Feature.Depends_On_Groups_Feature4 -->
