<?xml version="1.0" encoding="UTF-8"?>
<!-- Generated by org.testng.reporters.JUnitReportReporter -->
<testsuite skipped="0" hostname="XIPL9913" name="testNG_Feature.Group_feature7" tests="2" failures="0" timestamp="2022-12-13T11:12:20 IST" time="0.007" errors="0">
  <testcase name="wipro" time="0.001" classname="testNG_Feature.Group_feature7"/>
  <system-out/>
  <testcase name="infosys" time="0.006" classname="testNG_Feature.Group_feature7"/>
  <system-out/>
</testsuite> <!-- testNG_Feature.Group_feature7 -->
