<?xml version="1.0" encoding="UTF-8"?>
<!-- Generated by org.testng.reporters.JUnitReportReporter -->
<testsuite skipped="0" hostname="XIPL9913" name="API_test_Example.BasicAuth" tests="1" failures="0" timestamp="2022-12-26T11:01:22 IST" time="5.395" errors="0">
  <testcase name="getData" time="5.395" classname="API_test_Example.BasicAuth"/>
  <system-out/>
</testsuite> <!-- API_test_Example.BasicAuth -->
