<?xml version="1.0" encoding="UTF-8"?>
<!-- Generated by org.testng.reporters.JUnitReportReporter -->
<testsuite skipped="0" hostname="XIPL9913" name="testNG_Feature.TestParallelOne" tests="2" failures="0" timestamp="2022-12-13T11:16:40 IST" time="0.007" errors="0">
  <testcase name="testCaseTwo" time="0.001" classname="testNG_Feature.TestParallelOne"/>
  <system-out/>
  <testcase name="testCaseOne" time="0.006" classname="testNG_Feature.TestParallelOne"/>
  <system-out/>
</testsuite> <!-- testNG_Feature.TestParallelOne -->
