<?xml version="1.0" encoding="UTF-8"?>
<!-- Generated by org.testng.reporters.JUnitReportReporter -->
<testsuite hostname="XIPL9913" failures="0" tests="3" name="testcases.Software_Company" time="0.007" errors="0" timestamp="2022-11-10T15:19:50 IST" skipped="0">
  <testcase classname="testcases.Software_Company" name="technip" time="0.001"/>
  <system-out/>
  <testcase classname="testcases.Software_Company" name="infosys" time="0.006"/>
  <system-out/>
  <testcase classname="testcases.Software_Company" name="wipro" time="0.000"/>
  <system-out/>
</testsuite> <!-- testcases.Software_Company -->
