<?xml version="1.0" encoding="UTF-8"?>
<!-- Generated by org.testng.reporters.JUnitReportReporter -->
<testsuite skipped="0" hostname="XIPL9913" name="testNG_Feature.Fruits_Priority2_Feature5" tests="4" failures="0" timestamp="2022-12-13T11:05:37 IST" time="0.010" errors="0">
  <testcase name="watermelon" time="0.006" classname="testNG_Feature.Fruits_Priority2_Feature5"/>
  <system-out/>
  <testcase name="watermelon2" time="0.001" classname="testNG_Feature.Fruits_Priority2_Feature5"/>
  <system-out/>
  <testcase name="mango" time="0.001" classname="testNG_Feature.Fruits_Priority2_Feature5"/>
  <system-out/>
  <testcase name="apple" time="0.002" classname="testNG_Feature.Fruits_Priority2_Feature5"/>
  <system-out/>
</testsuite> <!-- testNG_Feature.Fruits_Priority2_Feature5 -->
