<?xml version="1.0" encoding="UTF-8"?>
<!-- Generated by org.testng.reporters.JUnitReportReporter -->
<testsuite hostname="XIPL9913" failures="0" tests="3" name="testNG_Feature.Fruits_Priority_Feature2" time="0.008" errors="0" timestamp="2022-11-23T14:17:02 IST" skipped="0">
  <testcase classname="testNG_Feature.Fruits_Priority_Feature2" name="mango" time="0.006"/>
  <system-out/>
  <testcase classname="testNG_Feature.Fruits_Priority_Feature2" name="watermelon" time="0.001"/>
  <system-out/>
  <testcase classname="testNG_Feature.Fruits_Priority_Feature2" name="apple" time="0.001"/>
  <system-out/>
</testsuite> <!-- testNG_Feature.Fruits_Priority_Feature2 -->
