<?xml version="1.0" encoding="UTF-8"?>
<!-- Generated by org.testng.reporters.JUnitReportReporter -->
<testsuite skipped="1" hostname="XIPL9913" name="test_Example.Test_RestAssured_OAuth2" tests="2" failures="0" timestamp="2022-11-24T09:17:08 IST" time="3.046" errors="0">
  <testcase name="accessValid_Oauth2" time="3.046" classname="test_Example.Test_RestAssured_OAuth2"/>
  <system-out/>
  <testcase name="authStatus_Code" classname="test_Example.Test_RestAssured_OAuth2">
    <skipped/>
  </testcase> <!-- authStatus_Code -->
  <system-out/>
</testsuite> <!-- test_Example.Test_RestAssured_OAuth2 -->
