<?xml version="1.0" encoding="UTF-8"?>
<!-- Generated by org.testng.reporters.JUnitReportReporter -->
<testsuite skipped="0" hostname="XIPL9913" name="API_test_Example.Test_RestAssured_Auth1" tests="1" failures="0" timestamp="2022-12-26T11:02:49 IST" time="4.730" errors="0">
  <testcase name="authStatus_Code" time="4.730" classname="API_test_Example.Test_RestAssured_Auth1"/>
  <system-out/>
</testsuite> <!-- API_test_Example.Test_RestAssured_Auth1 -->
