<?xml version="1.0" encoding="UTF-8"?>
<!-- Generated by org.testng.reporters.JUnitReportReporter -->
<testsuite skipped="0" hostname="XIPL9913" name="test_Example.Test_RestAssured_Auth1" tests="1" failures="0" timestamp="2022-11-24T09:12:16 IST" time="2.839" errors="0">
  <testcase name="authStatus_Code" time="2.839" classname="test_Example.Test_RestAssured_Auth1"/>
  <system-out/>
</testsuite> <!-- test_Example.Test_RestAssured_Auth1 -->
