<?xml version="1.0" encoding="UTF-8"?>
<!-- Generated by org.testng.reporters.JUnitReportReporter -->
<testsuite hostname="XIPL9913" failures="0" tests="3" name="testNG_Feature.Description_Feature2" time="0.008" errors="0" timestamp="2022-11-23T13:55:30 IST" skipped="0">
  <testcase classname="testNG_Feature.Description_Feature2" name="testcase2" time="0.001"/>
  <system-out/>
  <testcase classname="testNG_Feature.Description_Feature2" name="testcase1" time="0.006"/>
  <system-out/>
  <testcase classname="testNG_Feature.Description_Feature2" name="testcase3" time="0.001"/>
  <system-out/>
</testsuite> <!-- testNG_Feature.Description_Feature2 -->
