<?xml version="1.0" encoding="UTF-8"?>
<!-- Generated by org.testng.reporters.JUnitReportReporter -->
<testsuite skipped="0" hostname="XIPL9913" name="test_Example.Test_Get_Example" tests="1" failures="0" timestamp="2022-12-08T15:11:14 IST" time="2.056" errors="0">
  <testcase name="get" time="2.056" classname="test_Example.Test_Get_Example"/>
  <system-out/>
</testsuite> <!-- test_Example.Test_Get_Example -->
