<?xml version="1.0" encoding="UTF-8"?>
<!-- Generated by org.testng.reporters.JUnitReportReporter -->
<testsuite hostname="XIPL9913" failures="0" tests="1" name="testcases.Login_nonCommerApp" time="11.111" errors="0" timestamp="2022-11-23T13:48:27 IST" skipped="0">
  <testcase classname="testcases.Login_nonCommerApp" name="non_CommerAppLogin" time="11.111"/>
  <system-out/>
</testsuite> <!-- testcases.Login_nonCommerApp -->
