<?xml version="1.0" encoding="UTF-8"?>
<!-- Generated by org.testng.reporters.JUnitReportReporter -->
<testsuite skipped="0" hostname="XIPL9913" name="test_Example.Test_Delete_Call" tests="1" failures="0" timestamp="2022-11-24T08:58:11 IST" time="2.362" errors="0">
  <testcase name="postCall" time="2.362" classname="test_Example.Test_Delete_Call"/>
  <system-out/>
</testsuite> <!-- test_Example.Test_Delete_Call -->
