<?xml version="1.0" encoding="UTF-8"?>
<!-- Generated by org.testng.reporters.JUnitReportReporter -->
<testsuite skipped="1" hostname="XIPL9913" name="testNG_Feature.Enable_Feature6" tests="3" failures="0" timestamp="2022-12-13T11:04:38 IST" time="0.006" errors="0">
  <testcase name="c_language" time="0.005" classname="testNG_Feature.Enable_Feature6"/>
  <system-out/>
  <testcase name="java" time="0.001" classname="testNG_Feature.Enable_Feature6"/>
  <system-out/>
  <testcase name="jira" classname="testNG_Feature.Enable_Feature6">
    <skipped/>
  </testcase> <!-- jira -->
  <system-out/>
</testsuite> <!-- testNG_Feature.Enable_Feature6 -->
