<?xml version="1.0" encoding="UTF-8"?>
<!-- Generated by org.testng.reporters.JUnitReportReporter -->
<testsuite skipped="0" hostname="XIPL9913" name="testNG_Feature.Data_Drivern_feature9" tests="3" failures="0" timestamp="2022-12-13T15:13:05 IST" time="0.011" errors="0">
  <testcase name="myTest" time="0.004" classname="testNG_Feature.Data_Drivern_feature9"/>
  <system-out/>
  <testcase name="myTest" time="0.003" classname="testNG_Feature.Data_Drivern_feature9"/>
  <system-out/>
  <testcase name="myTest" time="0.004" classname="testNG_Feature.Data_Drivern_feature9"/>
  <system-out/>
</testsuite> <!-- testNG_Feature.Data_Drivern_feature9 -->
