<?xml version="1.0" encoding="UTF-8"?>
<!-- Generated by org.testng.reporters.JUnitReportReporter -->
<testsuite skipped="0" hostname="XIPL9913" name="testNG_Feature.BeforeAndAfterUse_Feature1" tests="1" failures="0" timestamp="2022-12-13T15:13:05 IST" time="20.272" errors="0">
  <testcase name="non_CommerAppLogin" time="20.272" classname="testNG_Feature.BeforeAndAfterUse_Feature1"/>
  <system-out/>
</testsuite> <!-- testNG_Feature.BeforeAndAfterUse_Feature1 -->
