<?xml version="1.0" encoding="UTF-8"?>
<!-- Generated by org.testng.reporters.JUnitReportReporter -->
<testsuite skipped="0" hostname="XIPL9913" name="testNG_Feature.TestParameters" tests="2" failures="0" timestamp="2022-12-13T11:17:25 IST" time="0.007" errors="0">
  <testcase name="testCaseOne" time="0.005" classname="testNG_Feature.TestParameters"/>
  <system-out/>
  <testcase name="testCaseTwo" time="0.002" classname="testNG_Feature.TestParameters"/>
  <system-out/>
</testsuite> <!-- testNG_Feature.TestParameters -->
