<?xml version="1.0" encoding="UTF-8"?>
<!-- Generated by org.testng.reporters.JUnitReportReporter -->
<testsuite skipped="0" hostname="XIPL9913" name="test_Example.BasicAuth" tests="1" failures="0" timestamp="2022-12-07T19:37:28 IST" time="2.591" errors="0">
  <testcase name="getData" time="2.591" classname="test_Example.BasicAuth"/>
  <system-out/>
</testsuite> <!-- test_Example.BasicAuth -->
